2020-04-26 23:27:47,249 INFO Factory.Factory [main] Starting factory...
2020-04-26 23:27:47,253 INFO Factory.Factory [main] Starting suppliers...
2020-04-26 23:27:47,254 INFO Factory.Factory [main] Starting dealers...
2020-04-26 23:27:47,254 INFO Supplier.Supplier [Thread-1] Supplier added new Details.CarcassDetail to storage.
2020-04-26 23:27:47,254 INFO Supplier.Supplier [Thread-2] Supplier added new Details.AccessoriesDetail to storage.
2020-04-26 23:27:47,254 INFO Supplier.Supplier [Thread-4] Supplier added new Details.AccessoriesDetail to storage.
2020-04-26 23:27:47,255 INFO Factory.Factory [main] Starting workflow...
2020-04-26 23:27:47,254 INFO Supplier.Supplier [Thread-0] Supplier added new Details.EngineDetail to storage.
2020-04-26 23:27:47,254 INFO Supplier.Supplier [Thread-3] Supplier added new Details.AccessoriesDetail to storage.
2020-04-26 23:27:47,258 INFO Task.Task [pool-2-thread-1] Assembling a car...
2020-04-26 23:27:47,258 INFO Task.Task [pool-2-thread-1] Car is assembled.
2020-04-26 23:27:47,258 INFO Task.Task [pool-2-thread-1] Added new car to car storage.
2020-04-26 23:27:47,258 INFO Storage.StorageController [Thread-6] Checking car storage...
2020-04-26 23:27:47,259 INFO Storage.StorageController [Thread-6] Car storage size: 0
2020-04-26 23:27:47,260 INFO Task.Task [pool-2-thread-3] Assembling a car...
2020-04-26 23:27:47,260 INFO Task.Task [pool-2-thread-4] Assembling a car...
2020-04-26 23:27:47,260 INFO Task.Task [pool-2-thread-2] Assembling a car...
2020-04-26 23:27:47,260 INFO Task.Task [pool-2-thread-5] Assembling a car...
2020-04-26 23:27:47,260 INFO Task.Task [pool-2-thread-1] Assembling a car...
2020-04-26 23:27:47,260 INFO Storage.StorageController [Thread-6] Controller : Added 8 tasks to workflow.
2020-04-26 23:27:47,261 INFO Dealer.Dealer [Thread-6] Dealer got new Car.Car from storage.
2020-04-26 23:27:47,260 INFO Task.Task [pool-2-thread-6] Assembling a car...
2020-04-26 23:27:47,756 INFO Supplier.Supplier [Thread-4] Supplier added new Details.AccessoriesDetail to storage.
2020-04-26 23:27:47,756 INFO Supplier.Supplier [Thread-2] Supplier added new Details.AccessoriesDetail to storage.
2020-04-26 23:27:47,757 INFO Supplier.Supplier [Thread-3] Supplier added new Details.AccessoriesDetail to storage.
2020-04-26 23:27:48,256 INFO Supplier.Supplier [Thread-4] Supplier added new Details.AccessoriesDetail to storage.
2020-04-26 23:27:48,257 INFO Supplier.Supplier [Thread-0] Supplier added new Details.EngineDetail to storage.
2020-04-26 23:27:48,257 INFO Supplier.Supplier [Thread-2] Supplier added new Details.AccessoriesDetail to storage.
2020-04-26 23:27:48,257 INFO Supplier.Supplier [Thread-3] Supplier added new Details.AccessoriesDetail to storage.
2020-04-26 23:27:48,756 INFO Task.Task [pool-2-thread-3] Car is assembled.
2020-04-26 23:27:48,756 INFO Supplier.Supplier [Thread-1] Supplier added new Details.CarcassDetail to storage.
2020-04-26 23:27:48,756 INFO Task.Task [pool-2-thread-3] Added new car to car storage.
2020-04-26 23:27:48,756 INFO Task.Task [pool-2-thread-3] Assembling a car...
2020-04-26 23:27:48,757 INFO Supplier.Supplier [Thread-4] Supplier added new Details.AccessoriesDetail to storage.
2020-04-26 23:27:48,756 INFO Storage.StorageController [Thread-5] Checking car storage...
2020-04-26 23:27:48,757 INFO Storage.StorageController [Thread-5] Car storage size: 0
2020-04-26 23:27:48,758 INFO Storage.StorageController [Thread-5] Controller : Added 8 tasks to workflow.
2020-04-26 23:27:48,758 INFO Supplier.Supplier [Thread-3] Supplier added new Details.AccessoriesDetail to storage.
2020-04-26 23:27:48,758 INFO Supplier.Supplier [Thread-2] Supplier added new Details.AccessoriesDetail to storage.
2020-04-26 23:27:48,758 INFO Dealer.Dealer [Thread-5] Dealer got new Car.Car from storage.
2020-04-26 23:27:49,257 INFO Supplier.Supplier [Thread-0] Supplier added new Details.EngineDetail to storage.
2020-04-26 23:27:49,257 INFO Supplier.Supplier [Thread-4] Supplier added new Details.AccessoriesDetail to storage.
2020-04-26 23:27:49,258 INFO Supplier.Supplier [Thread-2] Supplier added new Details.AccessoriesDetail to storage.
2020-04-26 23:27:49,258 INFO Supplier.Supplier [Thread-3] Supplier added new Details.AccessoriesDetail to storage.
2020-04-26 23:27:49,758 INFO Supplier.Supplier [Thread-4] Supplier added new Details.AccessoriesDetail to storage.
2020-04-26 23:27:49,760 INFO Supplier.Supplier [Thread-2] Supplier added new Details.AccessoriesDetail to storage.
2020-04-26 23:27:49,760 INFO Supplier.Supplier [Thread-3] Supplier added new Details.AccessoriesDetail to storage.
2020-04-26 23:27:50,256 INFO Task.Task [pool-2-thread-5] Car is assembled.
2020-04-26 23:27:50,256 INFO Supplier.Supplier [Thread-1] Supplier added new Details.CarcassDetail to storage.
2020-04-26 23:27:50,256 INFO Task.Task [pool-2-thread-5] Added new car to car storage.
2020-04-26 23:27:50,256 INFO Task.Task [pool-2-thread-5] Assembling a car...
2020-04-26 23:27:50,256 INFO Storage.StorageController [Thread-7] Checking car storage...
2020-04-26 23:27:50,257 INFO Storage.StorageController [Thread-7] Car storage size: 0
2020-04-26 23:27:50,258 INFO Storage.StorageController [Thread-7] Controller : Added 8 tasks to workflow.
2020-04-26 23:27:50,258 INFO Supplier.Supplier [Thread-0] Supplier added new Details.EngineDetail to storage.
2020-04-26 23:27:50,258 INFO Dealer.Dealer [Thread-7] Dealer got new Car.Car from storage.
2020-04-26 23:27:50,259 INFO Supplier.Supplier [Thread-4] Supplier added new Details.AccessoriesDetail to storage.
2020-04-26 23:27:50,261 INFO Supplier.Supplier [Thread-2] Supplier added new Details.AccessoriesDetail to storage.
2020-04-26 23:27:50,261 INFO Supplier.Supplier [Thread-3] Supplier added new Details.AccessoriesDetail to storage.
2020-04-26 23:27:50,760 INFO Supplier.Supplier [Thread-4] Supplier added new Details.AccessoriesDetail to storage.
2020-04-26 23:27:50,762 INFO Supplier.Supplier [Thread-2] Supplier added new Details.AccessoriesDetail to storage.
2020-04-26 23:27:50,762 INFO Supplier.Supplier [Thread-3] Supplier added new Details.AccessoriesDetail to storage.
2020-04-26 23:27:51,245 INFO Factory.Factory [main] Stopping factory...
2020-04-26 23:27:51,245 INFO Factory.Factory [main] Stopping workflow...
2020-04-26 23:27:51,246 WARN Task.Task [pool-2-thread-6] Interrupting workflow...
2020-04-26 23:27:51,246 WARN Task.Task [pool-2-thread-5] Interrupting workflow...
2020-04-26 23:27:51,246 WARN Task.Task [pool-2-thread-3] Interrupting workflow...
2020-04-26 23:27:51,246 WARN Task.Task [pool-2-thread-2] Interrupting workflow...
2020-04-26 23:27:51,246 WARN Task.Task [pool-2-thread-1] Interrupting workflow...
2020-04-26 23:27:51,246 WARN Task.Task [pool-2-thread-4] Interrupting workflow...
2020-04-26 23:27:51,247 INFO Factory.Factory [main] Stopping suppliers...
2020-04-26 23:27:51,248 WARN Supplier.Supplier [Thread-0] Supplier thread was interrupted.
2020-04-26 23:27:51,248 WARN Supplier.Supplier [Thread-1] Supplier thread was interrupted.
2020-04-26 23:27:51,249 WARN Supplier.Supplier [Thread-2] Supplier thread was interrupted.
2020-04-26 23:27:51,249 WARN Supplier.Supplier [Thread-3] Supplier thread was interrupted.
2020-04-26 23:27:51,249 WARN Supplier.Supplier [Thread-4] Supplier thread was interrupted.
2020-04-26 23:27:51,249 INFO Factory.Factory [main] Stopping dealers...
2020-04-26 23:27:51,250 WARN Dealer.Dealer [Thread-5] Dealer thread was interrupted.
2020-04-26 23:27:51,250 WARN Dealer.Dealer [Thread-6] Dealer thread was interrupted.
2020-04-26 23:27:51,250 WARN Dealer.Dealer [Thread-7] Dealer thread was interrupted.
