2020-04-26 22:16:32,908 INFO Factory.Factory [main] Starting factory...
2020-04-26 22:16:32,914 INFO Factory.Factory [main] Starting suppliers...
2020-04-26 22:16:32,915 INFO Factory.Factory [main] Starting dealers...
2020-04-26 22:16:32,916 INFO Factory.Factory [main] Starting workflow...
2020-04-26 22:16:32,915 INFO Factory.Factory [Thread-0] Supplier added new Details.EngineDetail to storage.
2020-04-26 22:16:32,915 INFO Factory.Factory [Thread-1] Supplier added new Details.CarcassDetail to storage.
2020-04-26 22:16:32,915 INFO Factory.Factory [Thread-3] Supplier added new Details.AccessoriesDetail to storage.
2020-04-26 22:16:32,915 INFO Factory.Factory [Thread-4] Supplier added new Details.AccessoriesDetail to storage.
2020-04-26 22:16:32,915 INFO Factory.Factory [Thread-2] Supplier added new Details.AccessoriesDetail to storage.
2020-04-26 22:16:32,919 INFO Factory.Factory [pool-2-thread-1] Assembling a car...
2020-04-26 22:16:32,920 INFO Factory.Factory [pool-2-thread-1] Car is assembled.
2020-04-26 22:16:32,920 INFO Factory.Factory [pool-2-thread-1] Added new car to car storage.
2020-04-26 22:16:32,920 INFO Factory.Factory [Thread-5] Checking car storage...
2020-04-26 22:16:32,921 INFO Factory.Factory [Thread-5] Car storage size: 0
2020-04-26 22:16:32,923 INFO Factory.Factory [pool-2-thread-4] Assembling a car...
2020-04-26 22:16:32,923 INFO Factory.Factory [pool-2-thread-2] Assembling a car...
2020-04-26 22:16:32,924 INFO Factory.Factory [pool-2-thread-1] Assembling a car...
2020-04-26 22:16:32,924 INFO Factory.Factory [Thread-5] Controller : Added 8 tasks to workflow.
2020-04-26 22:16:32,923 INFO Factory.Factory [pool-2-thread-3] Assembling a car...
2020-04-26 22:16:32,924 INFO Factory.Factory [pool-2-thread-5] Assembling a car...
2020-04-26 22:16:32,924 INFO Factory.Factory [pool-2-thread-6] Assembling a car...
2020-04-26 22:16:32,925 INFO Factory.Factory [Thread-5] Dealer got new Car.Car from storage.
2020-04-26 22:16:33,420 INFO Factory.Factory [Thread-4] Supplier added new Details.AccessoriesDetail to storage.
2020-04-26 22:16:33,420 INFO Factory.Factory [Thread-3] Supplier added new Details.AccessoriesDetail to storage.
2020-04-26 22:16:33,421 INFO Factory.Factory [Thread-2] Supplier added new Details.AccessoriesDetail to storage.
2020-04-26 22:16:33,919 INFO Factory.Factory [Thread-0] Supplier added new Details.EngineDetail to storage.
2020-04-26 22:16:33,921 INFO Factory.Factory [Thread-3] Supplier added new Details.AccessoriesDetail to storage.
2020-04-26 22:16:33,921 INFO Factory.Factory [Thread-2] Supplier added new Details.AccessoriesDetail to storage.
2020-04-26 22:16:33,921 INFO Factory.Factory [Thread-4] Supplier added new Details.AccessoriesDetail to storage.
2020-04-26 22:16:34,416 INFO Factory.Factory [pool-2-thread-4] Car is assembled.
2020-04-26 22:16:34,416 INFO Factory.Factory [Thread-1] Supplier added new Details.CarcassDetail to storage.
2020-04-26 22:16:34,416 INFO Factory.Factory [pool-2-thread-4] Added new car to car storage.
2020-04-26 22:16:34,416 INFO Factory.Factory [pool-2-thread-4] Assembling a car...
2020-04-26 22:16:34,416 INFO Factory.Factory [Thread-7] Checking car storage...
2020-04-26 22:16:34,417 INFO Factory.Factory [Thread-7] Car storage size: 0
2020-04-26 22:16:34,418 INFO Factory.Factory [Thread-7] Controller : Added 8 tasks to workflow.
2020-04-26 22:16:34,419 INFO Factory.Factory [Thread-7] Dealer got new Car.Car from storage.
2020-04-26 22:16:34,423 INFO Factory.Factory [Thread-2] Supplier added new Details.AccessoriesDetail to storage.
2020-04-26 22:16:34,423 INFO Factory.Factory [Thread-4] Supplier added new Details.AccessoriesDetail to storage.
2020-04-26 22:16:34,423 INFO Factory.Factory [Thread-3] Supplier added new Details.AccessoriesDetail to storage.
2020-04-26 22:16:34,920 INFO Factory.Factory [Thread-0] Supplier added new Details.EngineDetail to storage.
2020-04-26 22:16:34,924 INFO Factory.Factory [Thread-4] Supplier added new Details.AccessoriesDetail to storage.
2020-04-26 22:16:34,924 INFO Factory.Factory [Thread-2] Supplier added new Details.AccessoriesDetail to storage.
2020-04-26 22:16:34,924 INFO Factory.Factory [Thread-3] Supplier added new Details.AccessoriesDetail to storage.
2020-04-26 22:16:35,425 INFO Factory.Factory [Thread-2] Supplier added new Details.AccessoriesDetail to storage.
2020-04-26 22:16:35,425 INFO Factory.Factory [Thread-3] Supplier added new Details.AccessoriesDetail to storage.
2020-04-26 22:16:35,425 INFO Factory.Factory [Thread-4] Supplier added new Details.AccessoriesDetail to storage.
2020-04-26 22:16:35,917 INFO Factory.Factory [pool-2-thread-1] Car is assembled.
2020-04-26 22:16:35,917 INFO Factory.Factory [Thread-1] Supplier added new Details.CarcassDetail to storage.
2020-04-26 22:16:35,917 INFO Factory.Factory [pool-2-thread-1] Added new car to car storage.
2020-04-26 22:16:35,918 INFO Factory.Factory [pool-2-thread-1] Assembling a car...
2020-04-26 22:16:35,917 INFO Factory.Factory [Thread-6] Checking car storage...
2020-04-26 22:16:35,918 INFO Factory.Factory [Thread-6] Car storage size: 0
2020-04-26 22:16:35,919 INFO Factory.Factory [Thread-6] Controller : Added 8 tasks to workflow.
2020-04-26 22:16:35,919 INFO Factory.Factory [Thread-6] Dealer got new Car.Car from storage.
2020-04-26 22:16:35,921 INFO Factory.Factory [Thread-0] Supplier added new Details.EngineDetail to storage.
2020-04-26 22:16:35,925 INFO Factory.Factory [Thread-4] Supplier added new Details.AccessoriesDetail to storage.
2020-04-26 22:16:35,926 INFO Factory.Factory [Thread-3] Supplier added new Details.AccessoriesDetail to storage.
2020-04-26 22:16:35,926 INFO Factory.Factory [Thread-2] Supplier added new Details.AccessoriesDetail to storage.
2020-04-26 22:16:36,426 INFO Factory.Factory [Thread-4] Supplier added new Details.AccessoriesDetail to storage.
2020-04-26 22:16:36,427 INFO Factory.Factory [Thread-3] Supplier added new Details.AccessoriesDetail to storage.
2020-04-26 22:16:36,427 INFO Factory.Factory [Thread-2] Supplier added new Details.AccessoriesDetail to storage.
2020-04-26 22:16:36,921 INFO Factory.Factory [Thread-0] Supplier added new Details.EngineDetail to storage.
2020-04-26 22:16:36,927 INFO Factory.Factory [Thread-4] Supplier added new Details.AccessoriesDetail to storage.
2020-04-26 22:16:36,928 INFO Factory.Factory [Thread-3] Supplier added new Details.AccessoriesDetail to storage.
2020-04-26 22:16:36,928 INFO Factory.Factory [Thread-2] Supplier added new Details.AccessoriesDetail to storage.
2020-04-26 22:16:37,417 INFO Factory.Factory [pool-2-thread-6] Car is assembled.
2020-04-26 22:16:37,417 INFO Factory.Factory [pool-2-thread-6] Added new car to car storage.
2020-04-26 22:16:37,417 INFO Factory.Factory [pool-2-thread-6] Assembling a car...
2020-04-26 22:16:37,418 INFO Factory.Factory [Thread-1] Supplier added new Details.CarcassDetail to storage.
2020-04-26 22:16:37,427 INFO Factory.Factory [Thread-4] Supplier added new Details.AccessoriesDetail to storage.
2020-04-26 22:16:37,428 INFO Factory.Factory [Thread-3] Supplier added new Details.AccessoriesDetail to storage.
2020-04-26 22:16:37,428 INFO Factory.Factory [Thread-2] Supplier added new Details.AccessoriesDetail to storage.
2020-04-26 22:16:37,921 INFO Factory.Factory [Thread-0] Supplier added new Details.EngineDetail to storage.
2020-04-26 22:16:37,925 INFO Factory.Factory [Thread-5] Checking car storage...
2020-04-26 22:16:37,925 INFO Factory.Factory [Thread-5] Car storage size: 0
2020-04-26 22:16:37,925 INFO Factory.Factory [Thread-5] Dealer got new Car.Car from storage.
2020-04-26 22:16:37,927 INFO Factory.Factory [Thread-4] Supplier added new Details.AccessoriesDetail to storage.
2020-04-26 22:16:37,928 INFO Factory.Factory [Thread-3] Supplier added new Details.AccessoriesDetail to storage.
2020-04-26 22:16:37,928 INFO Factory.Factory [Thread-2] Supplier added new Details.AccessoriesDetail to storage.
2020-04-26 22:16:38,428 INFO Factory.Factory [Thread-4] Supplier added new Details.AccessoriesDetail to storage.
2020-04-26 22:16:38,429 INFO Factory.Factory [Thread-3] Supplier added new Details.AccessoriesDetail to storage.
2020-04-26 22:16:38,429 INFO Factory.Factory [Thread-2] Supplier added new Details.AccessoriesDetail to storage.
2020-04-26 22:16:38,918 INFO Factory.Factory [pool-2-thread-2] Car is assembled.
2020-04-26 22:16:38,918 INFO Factory.Factory [Thread-1] Supplier added new Details.CarcassDetail to storage.
2020-04-26 22:16:38,918 INFO Factory.Factory [pool-2-thread-2] Added new car to car storage.
2020-04-26 22:16:38,918 INFO Factory.Factory [pool-2-thread-2] Assembling a car...
2020-04-26 22:16:38,922 INFO Factory.Factory [Thread-0] Supplier added new Details.EngineDetail to storage.
2020-04-26 22:16:38,928 INFO Factory.Factory [Thread-4] Supplier added new Details.AccessoriesDetail to storage.
2020-04-26 22:16:38,929 INFO Factory.Factory [Thread-2] Supplier added new Details.AccessoriesDetail to storage.
2020-04-26 22:16:38,929 INFO Factory.Factory [Thread-3] Supplier added new Details.AccessoriesDetail to storage.
2020-04-26 22:16:39,420 INFO Factory.Factory [Thread-7] Checking car storage...
2020-04-26 22:16:39,420 INFO Factory.Factory [Thread-7] Car storage size: 0
2020-04-26 22:16:39,421 INFO Factory.Factory [Thread-7] Dealer got new Car.Car from storage.
2020-04-26 22:16:39,429 INFO Factory.Factory [Thread-4] Supplier added new Details.AccessoriesDetail to storage.
2020-04-26 22:16:39,430 INFO Factory.Factory [Thread-2] Supplier added new Details.AccessoriesDetail to storage.
2020-04-26 22:16:39,430 INFO Factory.Factory [Thread-3] Supplier added new Details.AccessoriesDetail to storage.
2020-04-26 22:16:39,923 INFO Factory.Factory [Thread-0] Supplier added new Details.EngineDetail to storage.
2020-04-26 22:16:39,929 INFO Factory.Factory [Thread-4] Supplier added new Details.AccessoriesDetail to storage.
2020-04-26 22:16:39,930 INFO Factory.Factory [Thread-2] Supplier added new Details.AccessoriesDetail to storage.
2020-04-26 22:16:39,930 INFO Factory.Factory [Thread-3] Supplier added new Details.AccessoriesDetail to storage.
2020-04-26 22:16:40,294 INFO Factory.Factory [main] Stopping factory...
2020-04-26 22:16:40,294 INFO Factory.Factory [main] Stopping workflow...
2020-04-26 22:16:40,295 WARN Factory.Factory [pool-2-thread-5] Interrupting workflow...
2020-04-26 22:16:40,295 WARN Factory.Factory [pool-2-thread-3] Interrupting workflow...
2020-04-26 22:16:40,295 WARN Factory.Factory [pool-2-thread-6] Interrupting workflow...
2020-04-26 22:16:40,295 WARN Factory.Factory [pool-2-thread-4] Interrupting workflow...
2020-04-26 22:16:40,296 WARN Factory.Factory [pool-2-thread-2] Interrupting workflow...
2020-04-26 22:16:40,296 WARN Factory.Factory [pool-2-thread-1] Interrupting workflow...
2020-04-26 22:16:40,296 INFO Factory.Factory [main] Stopping suppliers...
2020-04-26 22:16:40,297 WARN Factory.Factory [Thread-0] Supplier thread was interrupted.
2020-04-26 22:16:40,297 WARN Factory.Factory [Thread-1] Supplier thread was interrupted.
2020-04-26 22:16:40,297 WARN Factory.Factory [Thread-2] Supplier thread was interrupted.
2020-04-26 22:16:40,298 WARN Factory.Factory [Thread-3] Supplier thread was interrupted.
2020-04-26 22:16:40,298 WARN Factory.Factory [Thread-4] Supplier thread was interrupted.
2020-04-26 22:16:40,299 INFO Factory.Factory [main] Stopping dealers...
2020-04-26 22:16:40,299 WARN Factory.Factory [Thread-5] Dealer thread was interrupted.
2020-04-26 22:16:40,299 WARN Factory.Factory [Thread-7] Dealer thread was interrupted.
2020-04-26 22:16:40,299 WARN Factory.Factory [Thread-6] Dealer thread was interrupted.
