2020-04-26 21:31:52,033 INFO Factory.Factory [main] Starting factory...
2020-04-26 21:31:52,047 INFO Factory.Factory [main] Starting suppliers...
2020-04-26 21:31:52,049 INFO Factory.Factory [main] Starting dealers...
2020-04-26 21:31:52,050 INFO Factory.Factory [main] Starting workflow...
2020-04-26 21:31:52,051 INFO Factory.Factory [Thread-0] Supplier added new Details.EngineDetail to storage.
2020-04-26 21:31:52,053 INFO Factory.Factory [Thread-3] Supplier added new Details.AccessoriesDetail to storage.
2020-04-26 21:31:52,054 INFO Factory.Factory [Thread-2] Supplier added new Details.AccessoriesDetail to storage.
2020-04-26 21:31:52,054 INFO Factory.Factory [Thread-1] Supplier added new Details.CarcassDetail to storage.
2020-04-26 21:31:52,053 INFO Factory.Factory [Thread-4] Supplier added new Details.AccessoriesDetail to storage.
2020-04-26 21:31:52,059 INFO Factory.Factory [pool-2-thread-1] Assembling a car...
2020-04-26 21:31:52,060 INFO Factory.Factory [pool-2-thread-1] Car is assembled.
2020-04-26 21:31:52,061 INFO Factory.Factory [pool-2-thread-1] Added new car to car storage.
2020-04-26 21:31:52,062 INFO Factory.Factory [Thread-7] Checking car storage...
2020-04-26 21:31:52,063 INFO Factory.Factory [Thread-7] Car storage size: 0
2020-04-26 21:31:52,065 INFO Factory.Factory [pool-2-thread-2] Assembling a car...
2020-04-26 21:31:52,067 INFO Factory.Factory [Thread-7] Controller : Added 8 tasks to workflow.
2020-04-26 21:31:52,066 INFO Factory.Factory [pool-2-thread-6] Assembling a car...
2020-04-26 21:31:52,067 INFO Factory.Factory [Thread-7] Dealer got new Car.Car from storage.
2020-04-26 21:31:52,069 INFO Factory.Factory [pool-2-thread-1] Assembling a car...
2020-04-26 21:31:52,069 INFO Factory.Factory [pool-2-thread-5] Assembling a car...
2020-04-26 21:31:52,070 INFO Factory.Factory [pool-2-thread-4] Assembling a car...
2020-04-26 21:31:52,070 INFO Factory.Factory [pool-2-thread-3] Assembling a car...
2020-04-26 21:31:52,555 INFO Factory.Factory [Thread-3] Supplier added new Details.AccessoriesDetail to storage.
2020-04-26 21:31:52,556 INFO Factory.Factory [Thread-2] Supplier added new Details.AccessoriesDetail to storage.
2020-04-26 21:31:52,557 INFO Factory.Factory [Thread-4] Supplier added new Details.AccessoriesDetail to storage.
2020-04-26 21:31:53,054 INFO Factory.Factory [Thread-0] Supplier added new Details.EngineDetail to storage.
2020-04-26 21:31:53,057 INFO Factory.Factory [Thread-3] Supplier added new Details.AccessoriesDetail to storage.
2020-04-26 21:31:53,058 INFO Factory.Factory [Thread-4] Supplier added new Details.AccessoriesDetail to storage.
2020-04-26 21:31:53,058 INFO Factory.Factory [Thread-2] Supplier added new Details.AccessoriesDetail to storage.
2020-04-26 21:31:53,556 INFO Factory.Factory [pool-2-thread-2] Car is assembled.
2020-04-26 21:31:53,556 INFO Factory.Factory [Thread-1] Supplier added new Details.CarcassDetail to storage.
2020-04-26 21:31:53,556 INFO Factory.Factory [pool-2-thread-2] Added new car to car storage.
2020-04-26 21:31:53,557 INFO Factory.Factory [pool-2-thread-2] Assembling a car...
2020-04-26 21:31:53,556 INFO Factory.Factory [Thread-5] Checking car storage...
2020-04-26 21:31:53,558 INFO Factory.Factory [Thread-4] Supplier added new Details.AccessoriesDetail to storage.
2020-04-26 21:31:53,558 INFO Factory.Factory [Thread-5] Car storage size: 0
2020-04-26 21:31:53,558 INFO Factory.Factory [Thread-3] Supplier added new Details.AccessoriesDetail to storage.
2020-04-26 21:31:53,559 INFO Factory.Factory [Thread-2] Supplier added new Details.AccessoriesDetail to storage.
2020-04-26 21:31:53,559 INFO Factory.Factory [Thread-5] Controller : Added 8 tasks to workflow.
2020-04-26 21:31:53,559 INFO Factory.Factory [Thread-5] Dealer got new Car.Car from storage.
2020-04-26 21:31:54,055 INFO Factory.Factory [Thread-0] Supplier added new Details.EngineDetail to storage.
2020-04-26 21:31:54,058 INFO Factory.Factory [Thread-3] Supplier added new Details.AccessoriesDetail to storage.
2020-04-26 21:31:54,058 INFO Factory.Factory [Thread-4] Supplier added new Details.AccessoriesDetail to storage.
2020-04-26 21:31:54,060 INFO Factory.Factory [Thread-2] Supplier added new Details.AccessoriesDetail to storage.
2020-04-26 21:31:54,560 INFO Factory.Factory [Thread-4] Supplier added new Details.AccessoriesDetail to storage.
2020-04-26 21:31:54,562 INFO Factory.Factory [Thread-3] Supplier added new Details.AccessoriesDetail to storage.
2020-04-26 21:31:54,562 INFO Factory.Factory [Thread-2] Supplier added new Details.AccessoriesDetail to storage.
2020-04-26 21:31:55,056 INFO Factory.Factory [pool-2-thread-1] Car is assembled.
2020-04-26 21:31:55,059 INFO Factory.Factory [Thread-0] Supplier added new Details.EngineDetail to storage.
2020-04-26 21:31:55,059 INFO Factory.Factory [Thread-1] Supplier added new Details.CarcassDetail to storage.
2020-04-26 21:31:55,059 INFO Factory.Factory [pool-2-thread-1] Added new car to car storage.
2020-04-26 21:31:55,059 INFO Factory.Factory [pool-2-thread-1] Assembling a car...
2020-04-26 21:31:55,061 INFO Factory.Factory [Thread-6] Checking car storage...
2020-04-26 21:31:55,068 INFO Factory.Factory [Thread-2] Supplier added new Details.AccessoriesDetail to storage.
2020-04-26 21:31:55,069 INFO Factory.Factory [Thread-4] Supplier added new Details.AccessoriesDetail to storage.
2020-04-26 21:31:55,069 INFO Factory.Factory [Thread-3] Supplier added new Details.AccessoriesDetail to storage.
2020-04-26 21:31:55,068 INFO Factory.Factory [Thread-6] Car storage size: 0
2020-04-26 21:31:55,072 INFO Factory.Factory [Thread-6] Controller : Added 8 tasks to workflow.
2020-04-26 21:31:55,073 INFO Factory.Factory [Thread-6] Dealer got new Car.Car from storage.
2020-04-26 21:31:55,570 INFO Factory.Factory [Thread-2] Supplier added new Details.AccessoriesDetail to storage.
2020-04-26 21:31:55,571 INFO Factory.Factory [Thread-3] Supplier added new Details.AccessoriesDetail to storage.
2020-04-26 21:31:55,571 INFO Factory.Factory [Thread-4] Supplier added new Details.AccessoriesDetail to storage.
2020-04-26 21:31:56,060 INFO Factory.Factory [Thread-0] Supplier added new Details.EngineDetail to storage.
2020-04-26 21:31:56,070 INFO Factory.Factory [Thread-2] Supplier added new Details.AccessoriesDetail to storage.
2020-04-26 21:31:56,071 INFO Factory.Factory [Thread-4] Supplier added new Details.AccessoriesDetail to storage.
2020-04-26 21:31:56,072 INFO Factory.Factory [Thread-3] Supplier added new Details.AccessoriesDetail to storage.
2020-04-26 21:31:56,568 INFO Factory.Factory [Thread-1] Supplier added new Details.CarcassDetail to storage.
2020-04-26 21:31:56,568 INFO Factory.Factory [pool-2-thread-4] Car is assembled.
2020-04-26 21:31:56,568 INFO Factory.Factory [pool-2-thread-4] Added new car to car storage.
2020-04-26 21:31:56,569 INFO Factory.Factory [pool-2-thread-4] Assembling a car...
2020-04-26 21:31:56,575 INFO Factory.Factory [Thread-2] Supplier added new Details.AccessoriesDetail to storage.
2020-04-26 21:31:56,579 INFO Factory.Factory [Thread-4] Supplier added new Details.AccessoriesDetail to storage.
2020-04-26 21:31:56,583 INFO Factory.Factory [Thread-3] Supplier added new Details.AccessoriesDetail to storage.
2020-04-26 21:31:57,061 INFO Factory.Factory [Thread-0] Supplier added new Details.EngineDetail to storage.
2020-04-26 21:31:57,067 INFO Factory.Factory [Thread-7] Checking car storage...
2020-04-26 21:31:57,067 INFO Factory.Factory [Thread-7] Car storage size: 0
2020-04-26 21:31:57,068 INFO Factory.Factory [Thread-7] Dealer got new Car.Car from storage.
2020-04-26 21:31:57,079 INFO Factory.Factory [Thread-2] Supplier added new Details.AccessoriesDetail to storage.
2020-04-26 21:31:57,081 INFO Factory.Factory [Thread-4] Supplier added new Details.AccessoriesDetail to storage.
2020-04-26 21:31:57,085 INFO Factory.Factory [Thread-3] Supplier added new Details.AccessoriesDetail to storage.
2020-04-26 21:31:57,579 INFO Factory.Factory [Thread-2] Supplier added new Details.AccessoriesDetail to storage.
2020-04-26 21:31:57,581 INFO Factory.Factory [Thread-4] Supplier added new Details.AccessoriesDetail to storage.
2020-04-26 21:31:57,586 INFO Factory.Factory [Thread-3] Supplier added new Details.AccessoriesDetail to storage.
2020-04-26 21:31:58,061 INFO Factory.Factory [Thread-0] Supplier added new Details.EngineDetail to storage.
2020-04-26 21:31:58,071 INFO Factory.Factory [pool-2-thread-6] Car is assembled.
2020-04-26 21:31:58,071 INFO Factory.Factory [Thread-1] Supplier added new Details.CarcassDetail to storage.
2020-04-26 21:31:58,071 INFO Factory.Factory [pool-2-thread-6] Added new car to car storage.
2020-04-26 21:31:58,072 INFO Factory.Factory [pool-2-thread-6] Assembling a car...
2020-04-26 21:31:58,079 INFO Factory.Factory [Thread-2] Supplier added new Details.AccessoriesDetail to storage.
2020-04-26 21:31:58,081 INFO Factory.Factory [Thread-4] Supplier added new Details.AccessoriesDetail to storage.
2020-04-26 21:31:58,086 INFO Factory.Factory [Thread-3] Supplier added new Details.AccessoriesDetail to storage.
2020-04-26 21:31:58,560 INFO Factory.Factory [Thread-5] Checking car storage...
2020-04-26 21:31:58,560 INFO Factory.Factory [Thread-5] Car storage size: 0
2020-04-26 21:31:58,561 INFO Factory.Factory [Thread-5] Dealer got new Car.Car from storage.
2020-04-26 21:31:58,580 INFO Factory.Factory [Thread-2] Supplier added new Details.AccessoriesDetail to storage.
2020-04-26 21:31:58,582 INFO Factory.Factory [Thread-4] Supplier added new Details.AccessoriesDetail to storage.
2020-04-26 21:31:58,588 INFO Factory.Factory [Thread-3] Supplier added new Details.AccessoriesDetail to storage.
2020-04-26 21:31:59,066 INFO Factory.Factory [Thread-0] Supplier added new Details.EngineDetail to storage.
2020-04-26 21:31:59,081 INFO Factory.Factory [Thread-2] Supplier added new Details.AccessoriesDetail to storage.
2020-04-26 21:31:59,083 INFO Factory.Factory [Thread-4] Supplier added new Details.AccessoriesDetail to storage.
2020-04-26 21:31:59,089 INFO Factory.Factory [Thread-3] Supplier added new Details.AccessoriesDetail to storage.
2020-04-26 21:31:59,572 INFO Factory.Factory [Thread-1] Supplier added new Details.CarcassDetail to storage.
2020-04-26 21:31:59,572 INFO Factory.Factory [pool-2-thread-5] Car is assembled.
2020-04-26 21:31:59,572 INFO Factory.Factory [pool-2-thread-5] Added new car to car storage.
2020-04-26 21:31:59,572 INFO Factory.Factory [pool-2-thread-5] Assembling a car...
2020-04-26 21:31:59,582 INFO Factory.Factory [Thread-2] Supplier added new Details.AccessoriesDetail to storage.
2020-04-26 21:31:59,584 INFO Factory.Factory [Thread-4] Supplier added new Details.AccessoriesDetail to storage.
2020-04-26 21:31:59,590 INFO Factory.Factory [Thread-3] Supplier added new Details.AccessoriesDetail to storage.
2020-04-26 21:32:00,073 INFO Factory.Factory [Thread-0] Supplier added new Details.EngineDetail to storage.
2020-04-26 21:32:00,075 INFO Factory.Factory [Thread-6] Checking car storage...
2020-04-26 21:32:00,075 INFO Factory.Factory [Thread-6] Car storage size: 0
2020-04-26 21:32:00,075 INFO Factory.Factory [Thread-6] Dealer got new Car.Car from storage.
2020-04-26 21:32:01,072 INFO Factory.Factory [pool-2-thread-3] Car is assembled.
2020-04-26 21:32:01,072 INFO Factory.Factory [Thread-3] Supplier added new Details.AccessoriesDetail to storage.
2020-04-26 21:32:01,072 INFO Factory.Factory [Thread-2] Supplier added new Details.AccessoriesDetail to storage.
2020-04-26 21:32:01,072 INFO Factory.Factory [pool-2-thread-3] Added new car to car storage.
2020-04-26 21:32:01,072 INFO Factory.Factory [Thread-4] Supplier added new Details.AccessoriesDetail to storage.
2020-04-26 21:32:01,073 INFO Factory.Factory [pool-2-thread-3] Assembling a car...
2020-04-26 21:32:01,073 INFO Factory.Factory [Thread-0] Supplier added new Details.EngineDetail to storage.
2020-04-26 21:32:01,073 INFO Factory.Factory [Thread-1] Supplier added new Details.CarcassDetail to storage.
2020-04-26 21:32:02,069 INFO Factory.Factory [Thread-7] Checking car storage...
2020-04-26 21:32:02,069 INFO Factory.Factory [Thread-7] Car storage size: 0
2020-04-26 21:32:02,070 INFO Factory.Factory [Thread-7] Dealer got new Car.Car from storage.
2020-04-26 21:32:02,073 INFO Factory.Factory [Thread-0] Supplier added new Details.EngineDetail to storage.
2020-04-26 21:32:02,573 INFO Factory.Factory [pool-2-thread-2] Car is assembled.
2020-04-26 21:32:02,573 INFO Factory.Factory [Thread-2] Supplier added new Details.AccessoriesDetail to storage.
2020-04-26 21:32:02,573 INFO Factory.Factory [pool-2-thread-2] Added new car to car storage.
2020-04-26 21:32:02,573 INFO Factory.Factory [Thread-4] Supplier added new Details.AccessoriesDetail to storage.
2020-04-26 21:32:02,573 INFO Factory.Factory [Thread-3] Supplier added new Details.AccessoriesDetail to storage.
2020-04-26 21:32:02,574 INFO Factory.Factory [pool-2-thread-2] Assembling a car...
2020-04-26 21:32:02,574 INFO Factory.Factory [Thread-1] Supplier added new Details.CarcassDetail to storage.
2020-04-26 21:32:03,074 INFO Factory.Factory [Thread-0] Supplier added new Details.EngineDetail to storage.
2020-04-26 21:32:03,562 INFO Factory.Factory [Thread-5] Checking car storage...
2020-04-26 21:32:03,562 INFO Factory.Factory [Thread-5] Car storage size: 0
2020-04-26 21:32:03,563 INFO Factory.Factory [Thread-5] Dealer got new Car.Car from storage.
2020-04-26 21:32:04,074 INFO Factory.Factory [Thread-0] Supplier added new Details.EngineDetail to storage.
2020-04-26 21:32:04,075 INFO Factory.Factory [pool-2-thread-1] Car is assembled.
2020-04-26 21:32:04,075 INFO Factory.Factory [Thread-1] Supplier added new Details.CarcassDetail to storage.
2020-04-26 21:32:04,075 INFO Factory.Factory [Thread-2] Supplier added new Details.AccessoriesDetail to storage.
2020-04-26 21:32:04,075 INFO Factory.Factory [Thread-3] Supplier added new Details.AccessoriesDetail to storage.
2020-04-26 21:32:04,075 INFO Factory.Factory [Thread-4] Supplier added new Details.AccessoriesDetail to storage.
2020-04-26 21:32:04,075 INFO Factory.Factory [pool-2-thread-1] Added new car to car storage.
2020-04-26 21:32:04,075 INFO Factory.Factory [pool-2-thread-1] Assembling a car...
2020-04-26 21:32:04,997 INFO Factory.Factory [main] Stopping factory...
2020-04-26 21:32:04,997 INFO Factory.Factory [main] Stopping workflow...
2020-04-26 21:32:04,998 WARN Factory.Factory [pool-2-thread-2] Interrupting workflow...
2020-04-26 21:32:04,998 WARN Factory.Factory [pool-2-thread-1] Interrupting workflow...
2020-04-26 21:32:04,998 INFO Factory.Factory [main] Stopping suppliers...
2020-04-26 21:32:04,999 WARN Factory.Factory [pool-2-thread-5] Interrupting workflow...
2020-04-26 21:32:04,999 WARN Factory.Factory [Thread-4] Supplier thread was interrupted.
2020-04-26 21:32:04,999 WARN Factory.Factory [Thread-2] Supplier thread was interrupted.
2020-04-26 21:32:04,998 INFO Factory.Factory [main] Stopping dealers...
2020-04-26 21:32:04,999 WARN Factory.Factory [pool-2-thread-6] Interrupting workflow...
2020-04-26 21:32:04,999 WARN Factory.Factory [Thread-1] Supplier thread was interrupted.
2020-04-26 21:32:04,999 WARN Factory.Factory [Thread-3] Supplier thread was interrupted.
2020-04-26 21:32:05,001 WARN Factory.Factory [Thread-6] Dealer thread was interrupted.
2020-04-26 21:32:04,999 WARN Factory.Factory [Thread-0] Supplier thread was interrupted.
2020-04-26 21:32:05,001 WARN Factory.Factory [Thread-7] Dealer thread was interrupted.
2020-04-26 21:32:04,999 WARN Factory.Factory [pool-2-thread-3] Interrupting workflow...
2020-04-26 21:32:04,998 WARN Factory.Factory [pool-2-thread-4] Interrupting workflow...
2020-04-26 21:32:05,001 WARN Factory.Factory [Thread-5] Dealer thread was interrupted.
2020-04-26 22:15:52,143 INFO Factory.Factory [main] Starting factory...
2020-04-26 22:15:52,149 INFO Factory.Factory [main] Starting suppliers...
2020-04-26 22:15:52,150 INFO Factory.Factory [main] Starting dealers...
2020-04-26 22:15:52,152 INFO Factory.Factory [main] Starting workflow...
2020-04-26 22:15:52,151 INFO Factory.Factory [Thread-3] Supplier added new Details.AccessoriesDetail to storage.
2020-04-26 22:15:52,151 INFO Factory.Factory [Thread-1] Supplier added new Details.CarcassDetail to storage.
2020-04-26 22:15:52,151 INFO Factory.Factory [Thread-0] Supplier added new Details.EngineDetail to storage.
2020-04-26 22:15:52,151 INFO Factory.Factory [Thread-2] Supplier added new Details.AccessoriesDetail to storage.
2020-04-26 22:15:52,152 INFO Factory.Factory [Thread-4] Supplier added new Details.AccessoriesDetail to storage.
2020-04-26 22:15:52,156 INFO Factory.Factory [pool-2-thread-1] Assembling a car...
2020-04-26 22:15:52,157 INFO Factory.Factory [pool-2-thread-1] Car is assembled.
2020-04-26 22:15:52,157 INFO Factory.Factory [pool-2-thread-1] Added new car to car storage.
2020-04-26 22:15:52,157 INFO Factory.Factory [Thread-5] Checking car storage...
2020-04-26 22:15:52,159 INFO Factory.Factory [Thread-5] Car storage size: 0
2020-04-26 22:15:52,160 INFO Factory.Factory [pool-2-thread-3] Assembling a car...
2020-04-26 22:15:52,160 INFO Factory.Factory [pool-2-thread-2] Assembling a car...
2020-04-26 22:15:52,160 INFO Factory.Factory [pool-2-thread-4] Assembling a car...
2020-04-26 22:15:52,162 INFO Factory.Factory [pool-2-thread-1] Assembling a car...
2020-04-26 22:15:52,162 INFO Factory.Factory [Thread-5] Controller : Added 8 tasks to workflow.
2020-04-26 22:15:52,162 INFO Factory.Factory [pool-2-thread-5] Assembling a car...
2020-04-26 22:15:52,162 INFO Factory.Factory [pool-2-thread-6] Assembling a car...
2020-04-26 22:15:52,163 INFO Factory.Factory [Thread-5] Dealer got new Car.Car from storage.
2020-04-26 22:15:52,653 INFO Factory.Factory [Thread-3] Supplier added new Details.AccessoriesDetail to storage.
2020-04-26 22:15:52,653 INFO Factory.Factory [Thread-2] Supplier added new Details.AccessoriesDetail to storage.
2020-04-26 22:15:52,654 INFO Factory.Factory [Thread-4] Supplier added new Details.AccessoriesDetail to storage.
2020-04-26 22:15:53,153 INFO Factory.Factory [Thread-0] Supplier added new Details.EngineDetail to storage.
2020-04-26 22:15:53,153 INFO Factory.Factory [Thread-3] Supplier added new Details.AccessoriesDetail to storage.
2020-04-26 22:15:53,153 INFO Factory.Factory [Thread-2] Supplier added new Details.AccessoriesDetail to storage.
2020-04-26 22:15:53,154 INFO Factory.Factory [Thread-4] Supplier added new Details.AccessoriesDetail to storage.
2020-04-26 22:15:53,653 INFO Factory.Factory [Thread-1] Supplier added new Details.CarcassDetail to storage.
2020-04-26 22:15:53,653 INFO Factory.Factory [pool-2-thread-3] Car is assembled.
2020-04-26 22:15:53,653 INFO Factory.Factory [pool-2-thread-3] Added new car to car storage.
2020-04-26 22:15:53,653 INFO Factory.Factory [pool-2-thread-3] Assembling a car...
2020-04-26 22:15:53,654 INFO Factory.Factory [Thread-3] Supplier added new Details.AccessoriesDetail to storage.
2020-04-26 22:15:53,654 INFO Factory.Factory [Thread-7] Checking car storage...
2020-04-26 22:15:53,655 INFO Factory.Factory [Thread-4] Supplier added new Details.AccessoriesDetail to storage.
2020-04-26 22:15:53,655 INFO Factory.Factory [Thread-7] Car storage size: 0
2020-04-26 22:15:53,655 INFO Factory.Factory [Thread-2] Supplier added new Details.AccessoriesDetail to storage.
2020-04-26 22:15:53,655 INFO Factory.Factory [Thread-7] Controller : Added 8 tasks to workflow.
2020-04-26 22:15:53,656 INFO Factory.Factory [Thread-7] Dealer got new Car.Car from storage.
2020-04-26 22:15:54,154 INFO Factory.Factory [Thread-3] Supplier added new Details.AccessoriesDetail to storage.
2020-04-26 22:15:54,154 INFO Factory.Factory [Thread-0] Supplier added new Details.EngineDetail to storage.
2020-04-26 22:15:54,155 INFO Factory.Factory [Thread-4] Supplier added new Details.AccessoriesDetail to storage.
2020-04-26 22:15:54,155 INFO Factory.Factory [Thread-2] Supplier added new Details.AccessoriesDetail to storage.
2020-04-26 22:15:54,655 INFO Factory.Factory [Thread-3] Supplier added new Details.AccessoriesDetail to storage.
2020-04-26 22:15:54,655 INFO Factory.Factory [Thread-2] Supplier added new Details.AccessoriesDetail to storage.
2020-04-26 22:15:54,656 INFO Factory.Factory [Thread-4] Supplier added new Details.AccessoriesDetail to storage.
2020-04-26 22:15:55,153 INFO Factory.Factory [Thread-1] Supplier added new Details.CarcassDetail to storage.
2020-04-26 22:15:55,153 INFO Factory.Factory [pool-2-thread-4] Car is assembled.
2020-04-26 22:15:55,153 INFO Factory.Factory [pool-2-thread-4] Added new car to car storage.
2020-04-26 22:15:55,154 INFO Factory.Factory [pool-2-thread-4] Assembling a car...
2020-04-26 22:15:55,154 INFO Factory.Factory [Thread-0] Supplier added new Details.EngineDetail to storage.
2020-04-26 22:15:55,153 INFO Factory.Factory [Thread-6] Checking car storage...
2020-04-26 22:15:55,154 INFO Factory.Factory [Thread-6] Car storage size: 0
2020-04-26 22:15:55,155 INFO Factory.Factory [Thread-6] Controller : Added 8 tasks to workflow.
2020-04-26 22:15:55,155 INFO Factory.Factory [Thread-6] Dealer got new Car.Car from storage.
2020-04-26 22:15:55,156 INFO Factory.Factory [Thread-3] Supplier added new Details.AccessoriesDetail to storage.
2020-04-26 22:15:55,156 INFO Factory.Factory [Thread-2] Supplier added new Details.AccessoriesDetail to storage.
2020-04-26 22:15:55,157 INFO Factory.Factory [Thread-4] Supplier added new Details.AccessoriesDetail to storage.
2020-04-26 22:15:55,656 INFO Factory.Factory [Thread-2] Supplier added new Details.AccessoriesDetail to storage.
2020-04-26 22:15:55,656 INFO Factory.Factory [Thread-3] Supplier added new Details.AccessoriesDetail to storage.
2020-04-26 22:15:55,658 INFO Factory.Factory [Thread-4] Supplier added new Details.AccessoriesDetail to storage.
2020-04-26 22:15:56,155 INFO Factory.Factory [Thread-0] Supplier added new Details.EngineDetail to storage.
2020-04-26 22:15:56,157 INFO Factory.Factory [Thread-3] Supplier added new Details.AccessoriesDetail to storage.
2020-04-26 22:15:56,157 INFO Factory.Factory [Thread-2] Supplier added new Details.AccessoriesDetail to storage.
2020-04-26 22:15:56,158 INFO Factory.Factory [Thread-4] Supplier added new Details.AccessoriesDetail to storage.
2020-04-26 22:15:56,654 INFO Factory.Factory [pool-2-thread-5] Car is assembled.
2020-04-26 22:15:56,654 INFO Factory.Factory [Thread-1] Supplier added new Details.CarcassDetail to storage.
2020-04-26 22:15:56,654 INFO Factory.Factory [pool-2-thread-5] Added new car to car storage.
2020-04-26 22:15:56,654 INFO Factory.Factory [pool-2-thread-5] Assembling a car...
2020-04-26 22:15:56,658 INFO Factory.Factory [Thread-4] Supplier added new Details.AccessoriesDetail to storage.
2020-04-26 22:15:56,658 INFO Factory.Factory [Thread-2] Supplier added new Details.AccessoriesDetail to storage.
2020-04-26 22:15:56,658 INFO Factory.Factory [Thread-3] Supplier added new Details.AccessoriesDetail to storage.
2020-04-26 22:15:57,155 INFO Factory.Factory [Thread-0] Supplier added new Details.EngineDetail to storage.
2020-04-26 22:15:57,159 INFO Factory.Factory [Thread-4] Supplier added new Details.AccessoriesDetail to storage.
2020-04-26 22:15:57,159 INFO Factory.Factory [Thread-2] Supplier added new Details.AccessoriesDetail to storage.
2020-04-26 22:15:57,160 INFO Factory.Factory [Thread-3] Supplier added new Details.AccessoriesDetail to storage.
2020-04-26 22:15:57,164 INFO Factory.Factory [Thread-5] Checking car storage...
2020-04-26 22:15:57,165 INFO Factory.Factory [Thread-5] Car storage size: 0
2020-04-26 22:15:57,165 INFO Factory.Factory [Thread-5] Dealer got new Car.Car from storage.
2020-04-26 22:15:57,439 INFO Factory.Factory [main] Stopping factory...
2020-04-26 22:15:57,440 INFO Factory.Factory [main] Stopping workflow...
2020-04-26 22:15:57,440 WARN Factory.Factory [pool-2-thread-5] Interrupting workflow...
2020-04-26 22:15:57,441 WARN Factory.Factory [pool-2-thread-6] Interrupting workflow...
2020-04-26 22:15:57,442 WARN Factory.Factory [pool-2-thread-4] Interrupting workflow...
2020-04-26 22:15:57,442 WARN Factory.Factory [pool-2-thread-2] Interrupting workflow...
2020-04-26 22:15:57,442 WARN Factory.Factory [pool-2-thread-3] Interrupting workflow...
2020-04-26 22:15:57,442 WARN Factory.Factory [pool-2-thread-1] Interrupting workflow...
2020-04-26 22:15:57,444 INFO Factory.Factory [main] Stopping suppliers...
2020-04-26 22:15:57,444 WARN Factory.Factory [Thread-0] Supplier thread was interrupted.
2020-04-26 22:15:57,445 WARN Factory.Factory [Thread-1] Supplier thread was interrupted.
2020-04-26 22:15:57,445 WARN Factory.Factory [Thread-2] Supplier thread was interrupted.
2020-04-26 22:15:57,445 WARN Factory.Factory [Thread-3] Supplier thread was interrupted.
2020-04-26 22:15:57,446 WARN Factory.Factory [Thread-4] Supplier thread was interrupted.
2020-04-26 22:15:57,446 INFO Factory.Factory [main] Stopping dealers...
2020-04-26 22:15:57,447 WARN Factory.Factory [Thread-5] Dealer thread was interrupted.
2020-04-26 22:15:57,447 WARN Factory.Factory [Thread-6] Dealer thread was interrupted.
2020-04-26 22:15:57,447 WARN Factory.Factory [Thread-7] Dealer thread was interrupted.
