2020-04-23 14:06:12,071 INFO Factory.Factory [main] Starting factory...
2020-04-23 14:06:12,071 INFO Factory.Factory [main] Starting suppliers...
2020-04-23 14:06:12,071 INFO Factory.Factory [main] Starting dealers...
2020-04-23 14:06:12,071 INFO Factory.Factory [Thread-2] Supplier added new Details.AccessoriesDetail to storage.
2020-04-23 14:06:12,071 INFO Factory.Factory [Thread-4] Supplier added new Details.AccessoriesDetail to storage.
2020-04-23 14:06:12,071 INFO Factory.Factory [Thread-0] Supplier added new Details.EngineDetail to storage.
2020-04-23 14:06:12,071 INFO Factory.Factory [Thread-3] Supplier added new Details.AccessoriesDetail to storage.
2020-04-23 14:06:12,071 INFO Factory.Factory [Thread-1] Supplier added new Details.CarcassDetail to storage.
2020-04-23 14:06:12,071 INFO Factory.Factory [main] Starting workflow...
2020-04-23 14:06:12,084 INFO Factory.Factory [pool-2-thread-1] Assembling a car...
2020-04-23 14:06:12,084 INFO Factory.Factory [pool-2-thread-1] Car is assembled.
2020-04-23 14:06:12,084 INFO Factory.Factory [pool-2-thread-1] Added new car to car storage.
2020-04-23 14:06:12,084 INFO Factory.Factory [Thread-5] Checking car storage...
2020-04-23 14:06:12,084 INFO Factory.Factory [Thread-5] Car storage size: 0
2020-04-23 14:06:12,084 INFO Factory.Factory [pool-2-thread-3] Assembling a car...
2020-04-23 14:06:12,084 INFO Factory.Factory [pool-2-thread-2] Assembling a car...
2020-04-23 14:06:12,084 INFO Factory.Factory [pool-2-thread-4] Assembling a car...
2020-04-23 14:06:12,084 INFO Factory.Factory [pool-2-thread-5] Assembling a car...
2020-04-23 14:06:12,084 INFO Factory.Factory [pool-2-thread-1] Assembling a car...
2020-04-23 14:06:12,084 INFO Factory.Factory [Thread-5] Controller : Added 8 tasks to workflow.
2020-04-23 14:06:12,084 INFO Factory.Factory [pool-2-thread-6] Assembling a car...
2020-04-23 14:06:12,084 INFO Factory.Factory [Thread-5] Dealer got new Car.Car from storage.
2020-04-23 14:06:12,571 INFO Factory.Factory [Thread-2] Supplier added new Details.AccessoriesDetail to storage.
2020-04-23 14:06:12,571 INFO Factory.Factory [Thread-4] Supplier added new Details.AccessoriesDetail to storage.
2020-04-23 14:06:12,587 INFO Factory.Factory [Thread-3] Supplier added new Details.AccessoriesDetail to storage.
2020-04-23 14:06:13,073 INFO Factory.Factory [Thread-2] Supplier added new Details.AccessoriesDetail to storage.
2020-04-23 14:06:13,073 INFO Factory.Factory [Thread-0] Supplier added new Details.EngineDetail to storage.
2020-04-23 14:06:13,073 INFO Factory.Factory [Thread-4] Supplier added new Details.AccessoriesDetail to storage.
2020-04-23 14:06:13,090 INFO Factory.Factory [Thread-3] Supplier added new Details.AccessoriesDetail to storage.
2020-04-23 14:06:13,577 INFO Factory.Factory [Thread-2] Supplier added new Details.AccessoriesDetail to storage.
2020-04-23 14:06:13,577 INFO Factory.Factory [Thread-4] Supplier added new Details.AccessoriesDetail to storage.
2020-04-23 14:06:13,585 INFO Factory.Factory [Thread-1] Supplier added new Details.CarcassDetail to storage.
2020-04-23 14:06:13,585 INFO Factory.Factory [pool-2-thread-3] Car is assembled.
2020-04-23 14:06:13,585 INFO Factory.Factory [pool-2-thread-3] Added new car to car storage.
2020-04-23 14:06:13,585 INFO Factory.Factory [pool-2-thread-3] Assembling a car...
2020-04-23 14:06:13,585 INFO Factory.Factory [Thread-7] Checking car storage...
2020-04-23 14:06:13,585 INFO Factory.Factory [Thread-7] Car storage size: 0
2020-04-23 14:06:13,585 INFO Factory.Factory [Thread-7] Controller : Added 8 tasks to workflow.
2020-04-23 14:06:13,585 INFO Factory.Factory [Thread-7] Dealer got new Car.Car from storage.
2020-04-23 14:06:13,593 INFO Factory.Factory [Thread-3] Supplier added new Details.AccessoriesDetail to storage.
2020-04-23 14:06:14,078 INFO Factory.Factory [Thread-2] Supplier added new Details.AccessoriesDetail to storage.
2020-04-23 14:06:14,078 INFO Factory.Factory [Thread-4] Supplier added new Details.AccessoriesDetail to storage.
2020-04-23 14:06:14,078 INFO Factory.Factory [Thread-0] Supplier added new Details.EngineDetail to storage.
2020-04-23 14:06:14,095 INFO Factory.Factory [Thread-3] Supplier added new Details.AccessoriesDetail to storage.
2020-04-23 14:06:14,580 INFO Factory.Factory [Thread-2] Supplier added new Details.AccessoriesDetail to storage.
2020-04-23 14:06:14,580 INFO Factory.Factory [Thread-4] Supplier added new Details.AccessoriesDetail to storage.
2020-04-23 14:06:14,596 INFO Factory.Factory [Thread-3] Supplier added new Details.AccessoriesDetail to storage.
2020-04-23 14:06:15,079 INFO Factory.Factory [Thread-0] Supplier added new Details.EngineDetail to storage.
2020-04-23 14:06:15,083 INFO Factory.Factory [Thread-2] Supplier added new Details.AccessoriesDetail to storage.
2020-04-23 14:06:15,083 INFO Factory.Factory [Thread-4] Supplier added new Details.AccessoriesDetail to storage.
2020-04-23 14:06:15,087 INFO Factory.Factory [pool-2-thread-4] Car is assembled.
2020-04-23 14:06:15,087 INFO Factory.Factory [Thread-1] Supplier added new Details.CarcassDetail to storage.
2020-04-23 14:06:15,087 INFO Factory.Factory [pool-2-thread-4] Added new car to car storage.
2020-04-23 14:06:15,087 INFO Factory.Factory [pool-2-thread-4] Assembling a car...
2020-04-23 14:06:15,087 INFO Factory.Factory [Thread-6] Checking car storage...
2020-04-23 14:06:15,087 INFO Factory.Factory [Thread-6] Car storage size: 0
2020-04-23 14:06:15,087 INFO Factory.Factory [Thread-6] Controller : Added 8 tasks to workflow.
2020-04-23 14:06:15,087 INFO Factory.Factory [Thread-6] Dealer got new Car.Car from storage.
2020-04-23 14:06:15,099 INFO Factory.Factory [Thread-3] Supplier added new Details.AccessoriesDetail to storage.
2020-04-23 14:06:15,380 INFO Factory.Factory [main] Stopping factory...
2020-04-23 14:06:15,380 INFO Factory.Factory [main] Stopping workflow...
2020-04-23 14:06:15,380 INFO Factory.Factory [main] Stopping suppliers...
2020-04-23 14:06:15,380 WARN Factory.Factory [pool-2-thread-3] Interrupting workflow...
2020-04-23 14:06:15,380 WARN Factory.Factory [pool-2-thread-5] Interrupting workflow...
2020-04-23 14:06:15,380 INFO Factory.Factory [main] Stopping dealers...
2020-04-23 14:06:15,380 WARN Factory.Factory [pool-2-thread-1] Interrupting workflow...
2020-04-23 14:06:15,380 WARN Factory.Factory [Thread-2] Supplier thread was interrupted.
2020-04-23 14:06:15,380 WARN Factory.Factory [Thread-3] Supplier thread was interrupted.
2020-04-23 14:06:15,380 WARN Factory.Factory [pool-2-thread-2] Interrupting workflow...
2020-04-23 14:06:15,380 WARN Factory.Factory [Thread-1] Supplier thread was interrupted.
2020-04-23 14:06:15,380 WARN Factory.Factory [pool-2-thread-4] Interrupting workflow...
2020-04-23 14:06:15,380 WARN Factory.Factory [Thread-4] Supplier thread was interrupted.
2020-04-23 14:06:15,380 WARN Factory.Factory [pool-2-thread-6] Interrupting workflow...
2020-04-23 14:06:15,380 WARN Factory.Factory [Thread-0] Supplier thread was interrupted.
2020-04-23 14:06:15,380 WARN Factory.Factory [Thread-6] Dealer thread was interrupted.
2020-04-23 14:06:15,380 WARN Factory.Factory [Thread-5] Dealer thread was interrupted.
2020-04-23 14:06:15,380 WARN Factory.Factory [Thread-7] Dealer thread was interrupted.
