2020-04-23 14:09:31,310 INFO Factory.Factory [main] Starting factory...
2020-04-23 14:09:31,314 INFO Factory.Factory [main] Starting suppliers...
2020-04-23 14:09:31,314 INFO Factory.Factory [main] Starting dealers...
2020-04-23 14:09:31,318 INFO Factory.Factory [main] Starting workflow...
2020-04-23 14:09:31,314 INFO Factory.Factory [Thread-1] Supplier added new Details.CarcassDetail to storage.
2020-04-23 14:09:31,314 INFO Factory.Factory [Thread-4] Supplier added new Details.AccessoriesDetail to storage.
2020-04-23 14:09:31,314 INFO Factory.Factory [Thread-0] Supplier added new Details.EngineDetail to storage.
2020-04-23 14:09:31,318 INFO Factory.Factory [Thread-3] Supplier added new Details.AccessoriesDetail to storage.
2020-04-23 14:09:31,314 INFO Factory.Factory [Thread-2] Supplier added new Details.AccessoriesDetail to storage.
2020-04-23 14:09:31,321 INFO Factory.Factory [pool-2-thread-1] Assembling a car...
2020-04-23 14:09:31,321 INFO Factory.Factory [pool-2-thread-1] Car is assembled.
2020-04-23 14:09:31,321 INFO Factory.Factory [pool-2-thread-1] Added new car to car storage.
2020-04-23 14:09:31,321 INFO Factory.Factory [Thread-6] Checking car storage...
2020-04-23 14:09:31,321 INFO Factory.Factory [Thread-6] Car storage size: 0
2020-04-23 14:09:31,325 INFO Factory.Factory [pool-2-thread-3] Assembling a car...
2020-04-23 14:09:31,325 INFO Factory.Factory [pool-2-thread-4] Assembling a car...
2020-04-23 14:09:31,325 INFO Factory.Factory [pool-2-thread-2] Assembling a car...
2020-04-23 14:09:31,325 INFO Factory.Factory [pool-2-thread-6] Assembling a car...
2020-04-23 14:09:31,325 INFO Factory.Factory [pool-2-thread-5] Assembling a car...
2020-04-23 14:09:31,325 INFO Factory.Factory [pool-2-thread-1] Assembling a car...
2020-04-23 14:09:31,325 INFO Factory.Factory [Thread-6] Controller : Added 8 tasks to workflow.
2020-04-23 14:09:31,325 INFO Factory.Factory [Thread-6] Dealer got new Car.Car from storage.
2020-04-23 14:09:31,821 INFO Factory.Factory [Thread-2] Supplier added new Details.AccessoriesDetail to storage.
2020-04-23 14:09:31,821 INFO Factory.Factory [Thread-3] Supplier added new Details.AccessoriesDetail to storage.
2020-04-23 14:09:31,821 INFO Factory.Factory [Thread-4] Supplier added new Details.AccessoriesDetail to storage.
2020-04-23 14:09:32,333 INFO Factory.Factory [Thread-2] Supplier added new Details.AccessoriesDetail to storage.
2020-04-23 14:09:32,333 INFO Factory.Factory [Thread-3] Supplier added new Details.AccessoriesDetail to storage.
2020-04-23 14:09:32,333 INFO Factory.Factory [Thread-4] Supplier added new Details.AccessoriesDetail to storage.
2020-04-23 14:09:32,333 INFO Factory.Factory [Thread-0] Supplier added new Details.EngineDetail to storage.
2020-04-23 14:09:32,833 INFO Factory.Factory [pool-2-thread-3] Car is assembled.
2020-04-23 14:09:32,833 INFO Factory.Factory [Thread-4] Supplier added new Details.AccessoriesDetail to storage.
2020-04-23 14:09:32,833 INFO Factory.Factory [Thread-1] Supplier added new Details.CarcassDetail to storage.
2020-04-23 14:09:32,833 INFO Factory.Factory [Thread-2] Supplier added new Details.AccessoriesDetail to storage.
2020-04-23 14:09:32,833 INFO Factory.Factory [Thread-3] Supplier added new Details.AccessoriesDetail to storage.
2020-04-23 14:09:32,833 INFO Factory.Factory [pool-2-thread-3] Added new car to car storage.
2020-04-23 14:09:32,833 INFO Factory.Factory [pool-2-thread-3] Assembling a car...
2020-04-23 14:09:32,833 INFO Factory.Factory [Thread-7] Checking car storage...
2020-04-23 14:09:32,833 INFO Factory.Factory [Thread-7] Car storage size: 0
2020-04-23 14:09:32,833 INFO Factory.Factory [Thread-7] Controller : Added 8 tasks to workflow.
2020-04-23 14:09:32,833 INFO Factory.Factory [Thread-7] Dealer got new Car.Car from storage.
2020-04-23 14:09:33,337 INFO Factory.Factory [Thread-3] Supplier added new Details.AccessoriesDetail to storage.
2020-04-23 14:09:33,337 INFO Factory.Factory [Thread-2] Supplier added new Details.AccessoriesDetail to storage.
2020-04-23 14:09:33,337 INFO Factory.Factory [Thread-4] Supplier added new Details.AccessoriesDetail to storage.
2020-04-23 14:09:33,337 INFO Factory.Factory [Thread-0] Supplier added new Details.EngineDetail to storage.
2020-04-23 14:09:33,788 INFO Factory.Factory [main] Stopping factory...
2020-04-23 14:09:33,788 INFO Factory.Factory [main] Stopping workflow...
2020-04-23 14:09:33,788 INFO Factory.Factory [main] Stopping suppliers...
2020-04-23 14:09:33,788 WARN Factory.Factory [pool-2-thread-4] Interrupting workflow...
2020-04-23 14:09:33,788 WARN Factory.Factory [pool-2-thread-5] Interrupting workflow...
2020-04-23 14:09:33,788 WARN Factory.Factory [pool-2-thread-2] Interrupting workflow...
2020-04-23 14:09:33,788 WARN Factory.Factory [pool-2-thread-1] Interrupting workflow...
2020-04-23 14:09:33,788 INFO Factory.Factory [main] Stopping dealers...
2020-04-23 14:09:33,788 WARN Factory.Factory [pool-2-thread-6] Interrupting workflow...
2020-04-23 14:09:33,788 WARN Factory.Factory [Thread-3] Supplier thread was interrupted.
2020-04-23 14:09:33,788 WARN Factory.Factory [Thread-2] Supplier thread was interrupted.
2020-04-23 14:09:33,788 WARN Factory.Factory [Thread-6] Dealer thread was interrupted.
2020-04-23 14:09:33,788 WARN Factory.Factory [Thread-1] Supplier thread was interrupted.
2020-04-23 14:09:33,788 WARN Factory.Factory [pool-2-thread-3] Interrupting workflow...
2020-04-23 14:09:33,788 WARN Factory.Factory [Thread-7] Dealer thread was interrupted.
2020-04-23 14:09:33,788 WARN Factory.Factory [Thread-4] Supplier thread was interrupted.
2020-04-23 14:09:33,788 WARN Factory.Factory [Thread-0] Supplier thread was interrupted.
2020-04-23 14:09:33,788 WARN Factory.Factory [Thread-5] Dealer thread was interrupted.
